[2022-02-07 17:05:06.878] [12116:1896] INFO WinMagic (R) SED Partner Test Tool. Version 8.6.000.188 
[2022-02-07 17:05:06.878] [12116:1896] INFO Normal build!

[2022-02-07 17:05:06.879] [12116:1896] INFO WMTCGTST_8.6.0.188.exe Build Date: Apr 24 2020  Time: 17:00:24
[2022-02-07 17:05:06.879] [12116:1896] INFO cmdLine: WMTCGTST_8.6.0.188.exe  -i 
[2022-02-07 17:05:06.879] [12116:1896] INFO WMTCGTST_8.6.0.188.exe started!
[2022-02-07 17:05:06.879] [12116:1896] INFO TTOKI initialization succeeds.
[2022-02-07 17:05:06.879] [12116:1896]  DBG WmMedia::WmMedia: dev \\.\PhysicalDrive0 diskId 0 useOpalDs 0 failForUsb 0
[2022-02-07 17:05:06.879] [12116:1896]  DBG WmMedia::Preinitialize...
[2022-02-07 17:05:06.879] [12116:1896] INFO WmMediaImpl::Init:use: \\.\PhysicalDrive0...
[2022-02-07 17:05:06.879] [12116:1896] WARN WmMediaImpl::Init:FileCtl(FILE_CTL_CHECK): 0xD0000005
[2022-02-07 17:05:06.880] [12116:1896] WARN WmMedia::Preinitialize:143 0xD0000005
[2022-02-07 17:05:06.880] [12116:1896]  DBG WmMedia::Initialize: id 0 pMedia 0000020893F71D10 ...
[2022-02-07 17:05:06.880] [12116:1896] INFO WmMediaImpl::SetGeometry...
[2022-02-07 17:05:06.880] [12116:1896] WARN WmMediaImpl::SetGeometry:DeviceIoctl(IOCTL_DISK_GET_DRIVE_GEOMETRY): 0xD0000005
[2022-02-07 17:05:06.880] [12116:1896]  DBG WmMedia::ReadPartititons: \\.\PhysicalDrive0...
[2022-02-07 17:05:06.880] [12116:1896]  ERR WmMediaImpl::ReadSectorOs:ReadFile: 0xD0000005
[2022-02-07 17:05:06.880] [12116:1896]  ERR WmMedia::ReadPartititons:ReadSector: 0xD0000005
[2022-02-07 17:05:06.880] [12116:1896] WARN WmMedia::Initialize:194 0xD0000005
[2022-02-07 17:05:06.880] [12116:1896]  DBG WmMedia::Initialize:mHfdeType - 0
[2022-02-07 17:05:06.880] [12116:1896]  DBG WmMedia::Initialize:software encryption only
[2022-02-07 17:05:06.880] [12116:1896]  DBG main: found media: 0
[2022-02-07 17:05:06.880] [12116:1896]  DBG WmMedia::InitSds (mpHfde 0000000000000000) ...
[2022-02-07 17:05:06.880] [12116:1896]  DBG new WmSds: pHfde 0000000000000000 mHfdeType 0 mUseOpalDs 0 TCGe 0 ...
[2022-02-07 17:05:06.880] [12116:1896]  DBG WmSds::Init (mpHfde 0000000000000000) ...
[2022-02-07 17:05:06.880] [12116:1896]  DBG WinMagic::WmSds::ReinitMediaCache:4855: (Re)initializing Media cache...
[2022-02-07 17:05:06.880] [12116:1896]  ERR WmMediaImpl::ReadSectorOs:ReadFile: 0xD0000005
[2022-02-07 17:05:06.881] [12116:1896]  DBG WinMagic::WmMediaIoDelegate::syncRead:28 ReadSector() blk 0x0 nblks 0x1 type 0x01 status 0xD0000005
[2022-02-07 17:05:06.881] [12116:1896]  DBG WinMagic::WmSds::ReinitMediaCache:4873: syncRead() status 0xD0000005
[2022-02-07 17:05:06.881] [12116:1896]  ERR WmSds::Init:ReinitMediaCache failed, status 0xD0000005
[2022-02-07 17:05:06.881] [12116:1896]  DBG WmSds::Init mpDir 0000000000000000 status 0xD0000005
[2022-02-07 17:05:06.881] [12116:1896]  ERR WmMedia::InitSds:Init status 0xD0000005 on disk '\\.\PhysicalDrive0'
[2022-02-07 17:05:06.882] [12116:1896] INFO WMTCGTST_8.6.0.188.exe finished

[2022-02-25 17:47:21.612] [3624:16932] INFO WinMagic (R) SED Partner Test Tool. Version 8.6.000.188 
[2022-02-25 17:47:21.612] [3624:16932] INFO Normal build!

[2022-02-25 17:47:21.612] [3624:16932] INFO WMTCGTST_8.6.0.188.exe Build Date: Apr 24 2020  Time: 17:00:24
[2022-02-25 17:47:21.612] [3624:16932] INFO cmdLine: WMTCGTST_8.6.0.188.exe  -i 
[2022-02-25 17:47:21.612] [3624:16932] INFO WMTCGTST_8.6.0.188.exe started!
[2022-02-25 17:47:21.612] [3624:16932] INFO TTOKI initialization succeeds.
[2022-02-25 17:47:21.612] [3624:16932]  DBG WmMedia::WmMedia: dev \\.\PhysicalDrive0 diskId 0 useOpalDs 0 failForUsb 0
[2022-02-25 17:47:21.612] [3624:16932]  DBG WmMedia::Preinitialize...
[2022-02-25 17:47:21.612] [3624:16932] INFO WmMediaImpl::Init:use: \\.\PhysicalDrive0...
[2022-02-25 17:47:21.617] [3624:16932] INFO WmMediaImpl::OpenDriver(SDDisk2k) success.
[2022-02-25 17:47:22.379] [3624:16932]  DBG WmMediaImpl::RefreshKernelStatus(trigger disk renumeration by IOCTL_DISK_UPDATE_PROPERTIES) ...
[2022-02-25 17:47:22.386] [3624:16932] INFO WmMediaImpl::OpenDriver: success
[2022-02-25 17:47:22.387] [3624:16932] INFO WmMediaImpl::SetGeometry...
[2022-02-25 17:47:22.392] [3624:16932]  DBG BytesPerSector   :      512
[2022-02-25 17:47:22.392] [3624:16932]  DBG SectorsPerTrack  :       63
[2022-02-25 17:47:22.392] [3624:16932]  DBG TracksPerCylinder:      255
[2022-02-25 17:47:22.392] [3624:16932]  DBG Cylinders        :    30401
[2022-02-25 17:47:22.392] [3624:16932]  DBG Disk size        : 488392065 sectors
[2022-02-25 17:47:22.392] [3624:16932] INFO WmMediaImpl::GetDriveInterfaceType...
[2022-02-25 17:47:22.397] [3624:16932] INFO WmMediaImpl::GetDriveInterfaceType: 11
[2022-02-25 17:47:22.397] [3624:16932]  DBG WmMediaImpl::GetDriveBusType:use SATA interface
[2022-02-25 17:47:22.397] [3624:16932]  DBG WmMedia::Preinitialize:use real disk
[2022-02-25 17:47:22.397] [3624:16932]  DBG WinMagic::WmMedia::IdentifyDevice...
[2022-02-25 17:47:22.402] [3624:16932]  DBG WinMagic::WmMedia::IdentifyDevice... (status: 0x0)
[2022-02-25 17:47:22.402] [3624:16932]  DBG WinMagic::WmMedia::IdentifyDevice: Drive Model [SATA SSD                                ]
[2022-02-25 17:47:22.402] [3624:16932]  DBG WinMagic::WmMedia::IdentifyDevice: Drive Firmware [SAFM13.2]
[2022-02-25 17:47:22.402] [3624:16932]  DBG WinMagic::WmMedia::IdentifyDevice: Drive SN [AD3807071F0900026111]
[2022-02-25 17:47:22.402] [3624:16932]  DBG WmMedia::Initialize: id 0 pMedia 000001CD50917B50 ...
[2022-02-25 17:47:22.402] [3624:16932] INFO TCG bit: 0
[2022-02-25 17:47:22.402] [3624:16932] INFO WmMediaImpl::SetGeometry...
[2022-02-25 17:47:22.407] [3624:16932]  DBG BytesPerSector   :      512
[2022-02-25 17:47:22.407] [3624:16932]  DBG SectorsPerTrack  :       63
[2022-02-25 17:47:22.408] [3624:16932]  DBG TracksPerCylinder:      255
[2022-02-25 17:47:22.408] [3624:16932]  DBG Cylinders        :    30401
[2022-02-25 17:47:22.408] [3624:16932]  DBG Disk size        : 488392065 sectors
[2022-02-25 17:47:22.408] [3624:16932]  DBG WmMedia::ReadPartititons: \\.\PhysicalDrive0...
[2022-02-25 17:47:22.410] [3624:16932]  DBG WmMediaImpl::GetPartitionInfo...
[2022-02-25 17:47:22.411] [3624:16932] INFO GetPartitionInfo::GetLogicalDrives returns 0xc ...
[2022-02-25 17:47:22.411] [3624:16932] INFO GetPartitionInfo::DeviceIoctl:DeviceIoctl starts ...
[2022-02-25 17:47:22.415] [3624:16932] INFO GetPartitionInfo::DeviceIoctl:DeviceIoctl returns status 0x0 ...
[2022-02-25 17:47:22.416] [3624:16932]  DBG WmMediaImpl::GetPartitionInfo:NumberOfDiskExtents:        1
[2022-02-25 17:47:22.416] [3624:16932]  DBG WmMediaImpl::GetPartitionInfo:Disk  :        0
[2022-02-25 17:47:22.416] [3624:16932]  DBG WmMediaImpl::GetPartitionInfo:Offset: 122683392
[2022-02-25 17:47:22.416] [3624:16932]  DBG WmMediaImpl::GetPartitionInfo:Length: 249344948224
[2022-02-25 17:47:22.416] [3624:16932] INFO GetPartitionInfo::DeviceIoctl:DeviceIoctl starts ...
[2022-02-25 17:47:22.424] [3624:16932] INFO GetPartitionInfo::DeviceIoctl:DeviceIoctl returns status 0x0 ...
[2022-02-25 17:47:22.424] [3624:16932]  DBG WmMediaImpl::GetPartitionInfo:NumberOfDiskExtents:        1
[2022-02-25 17:47:22.424] [3624:16932]  DBG WmMediaImpl::GetPartitionInfo:Disk  :        2
[2022-02-25 17:47:22.424] [3624:16932]  DBG WmMediaImpl::GetPartitionInfo:Offset:        0
[2022-02-25 17:47:22.424] [3624:16932]  DBG WmMediaImpl::GetPartitionInfo:Length:        0
[2022-02-25 17:47:22.424] [3624:16932] INFO GetPartitionInfo::ReadSectorOs(ABS LBA @     2048) starts ...
[2022-02-25 17:47:22.425] [3624:16932] INFO GetPartitionInfo::ReadSectorOs(ABS LBA @     2048) returns status 0x0...
[2022-02-25 17:47:22.425] [3624:16932]  DBG WmMediaImpl::GetPartitionInfo...
[2022-02-25 17:47:22.425] [3624:16932] INFO GetPartitionInfo::GetLogicalDrives returns 0xc ...
[2022-02-25 17:47:22.425] [3624:16932] INFO GetPartitionInfo::DeviceIoctl:DeviceIoctl starts ...
[2022-02-25 17:47:22.430] [3624:16932] INFO GetPartitionInfo::DeviceIoctl:DeviceIoctl returns status 0x0 ...
[2022-02-25 17:47:22.430] [3624:16932]  DBG WmMediaImpl::GetPartitionInfo:NumberOfDiskExtents:        1
[2022-02-25 17:47:22.430] [3624:16932]  DBG WmMediaImpl::GetPartitionInfo:Disk  :        0
[2022-02-25 17:47:22.430] [3624:16932]  DBG WmMediaImpl::GetPartitionInfo:Offset: 122683392
[2022-02-25 17:47:22.430] [3624:16932]  DBG WmMediaImpl::GetPartitionInfo:Length: 249344948224
[2022-02-25 17:47:22.430] [3624:16932] INFO GetPartitionInfo::DeviceIoctl:DeviceIoctl starts ...
[2022-02-25 17:47:22.445] [3624:16932] INFO GetPartitionInfo::DeviceIoctl:DeviceIoctl returns status 0x0 ...
[2022-02-25 17:47:22.445] [3624:16932]  DBG WmMediaImpl::GetPartitionInfo:NumberOfDiskExtents:        1
[2022-02-25 17:47:22.445] [3624:16932]  DBG WmMediaImpl::GetPartitionInfo:Disk  :        2
[2022-02-25 17:47:22.445] [3624:16932]  DBG WmMediaImpl::GetPartitionInfo:Offset:        0
[2022-02-25 17:47:22.445] [3624:16932]  DBG WmMediaImpl::GetPartitionInfo:Length:        0
[2022-02-25 17:47:22.445] [3624:16932] INFO GetPartitionInfo::ReadSectorOs(ABS LBA @   206848) starts ...
[2022-02-25 17:47:22.446] [3624:16932] INFO GetPartitionInfo::ReadSectorOs(ABS LBA @   206848) returns status 0x0...
[2022-02-25 17:47:22.446] [3624:16932]  DBG WmMediaImpl::GetPartitionInfo...
[2022-02-25 17:47:22.446] [3624:16932] INFO GetPartitionInfo::GetLogicalDrives returns 0xc ...
[2022-02-25 17:47:22.447] [3624:16932] INFO GetPartitionInfo::DeviceIoctl:DeviceIoctl starts ...
[2022-02-25 17:47:22.451] [3624:16932] INFO GetPartitionInfo::DeviceIoctl:DeviceIoctl returns status 0x0 ...
[2022-02-25 17:47:22.451] [3624:16932]  DBG WmMediaImpl::GetPartitionInfo:NumberOfDiskExtents:        1
[2022-02-25 17:47:22.451] [3624:16932]  DBG WmMediaImpl::GetPartitionInfo:Disk  :        0
[2022-02-25 17:47:22.451] [3624:16932]  DBG WmMediaImpl::GetPartitionInfo:Offset: 122683392
[2022-02-25 17:47:22.451] [3624:16932]  DBG WmMediaImpl::GetPartitionInfo:Length: 249344948224
[2022-02-25 17:47:22.451] [3624:16932] INFO GetPartitionInfo::ReadFile(drive //./C:) starts ...
[2022-02-25 17:47:22.452] [3624:16932] INFO GetPartitionInfo::ReadFile(drive //./C:) returns status 0x0...
[2022-02-25 17:47:22.452] [3624:16932]  DBG WmMediaImpl::GetPartitionInfo...
[2022-02-25 17:47:22.452] [3624:16932] INFO GetPartitionInfo::GetLogicalDrives returns 0xc ...
[2022-02-25 17:47:22.452] [3624:16932] INFO GetPartitionInfo::DeviceIoctl:DeviceIoctl starts ...
[2022-02-25 17:47:22.456] [3624:16932] INFO GetPartitionInfo::DeviceIoctl:DeviceIoctl returns status 0x0 ...
[2022-02-25 17:47:22.456] [3624:16932]  DBG WmMediaImpl::GetPartitionInfo:NumberOfDiskExtents:        1
[2022-02-25 17:47:22.456] [3624:16932]  DBG WmMediaImpl::GetPartitionInfo:Disk  :        0
[2022-02-25 17:47:22.456] [3624:16932]  DBG WmMediaImpl::GetPartitionInfo:Offset: 122683392
[2022-02-25 17:47:22.456] [3624:16932]  DBG WmMediaImpl::GetPartitionInfo:Length: 249344948224
[2022-02-25 17:47:22.456] [3624:16932] INFO GetPartitionInfo::DeviceIoctl:DeviceIoctl starts ...
[2022-02-25 17:47:22.465] [3624:16932] INFO GetPartitionInfo::DeviceIoctl:DeviceIoctl returns status 0x0 ...
[2022-02-25 17:47:22.465] [3624:16932]  DBG WmMediaImpl::GetPartitionInfo:NumberOfDiskExtents:        1
[2022-02-25 17:47:22.465] [3624:16932]  DBG WmMediaImpl::GetPartitionInfo:Disk  :        2
[2022-02-25 17:47:22.465] [3624:16932]  DBG WmMediaImpl::GetPartitionInfo:Offset:        0
[2022-02-25 17:47:22.465] [3624:16932]  DBG WmMediaImpl::GetPartitionInfo:Length:        0
[2022-02-25 17:47:22.465] [3624:16932] INFO GetPartitionInfo::ReadSectorOs(ABS LBA @ 487241728) starts ...
[2022-02-25 17:47:22.466] [3624:16932] INFO GetPartitionInfo::ReadSectorOs(ABS LBA @ 487241728) returns status 0x0...
[2022-02-25 17:47:22.466] [3624:16932]  DBG WmMedia::Initialize:mHfdeType - 0
[2022-02-25 17:47:22.466] [3624:16932]  DBG WmMedia::Initialize:software encryption only
[2022-02-25 17:47:22.466] [3624:16932]  DBG main: found media: 0
[2022-02-25 17:47:22.466] [3624:16932]  DBG WmMedia::InitSds (mpHfde 0000000000000000) ...
[2022-02-25 17:47:22.466] [3624:16932]  DBG new WmSds: pHfde 0000000000000000 mHfdeType 0 mUseOpalDs 0 TCGe 0 ...
[2022-02-25 17:47:22.466] [3624:16932]  DBG WmSds::Init (mpHfde 0000000000000000) ...
[2022-02-25 17:47:22.466] [3624:16932]  DBG WinMagic::WmSds::ReinitMediaCache:4855: (Re)initializing Media cache...
[2022-02-25 17:47:22.467] [3624:16932]  DBG WinMagic::WmSds::ReinitMediaCache:4873: syncRead() status 0x0
[2022-02-25 17:47:22.467] [3624:16932]  DBG WmSds::FindSds (on \\.\PhysicalDrive0)...
[2022-02-25 17:47:22.467] [3624:16932]  DBG WmSds::FindSds:WmSdSignatureRead: 0x44534D57
[2022-02-25 17:47:22.467] [3624:16932]  DBG WmSds::FindSds:WmSdSignatureOrig: 0x44534D57
[2022-02-25 17:47:22.467] [3624:16932]  DBG WmSds::FindSds:MBR: SDS starts 0x22880
[2022-02-25 17:47:22.467] [3624:16932]  DBG WmSds::FindSds:SDS starts 0x22880
[2022-02-25 17:47:22.468] [3624:16932]  DBG WmSds:Init(2) mpHfde 0000000000000000
[2022-02-25 17:47:22.468] [3624:16932]  DBG WmSds::Init mpDir 000001CD50948BA0 status 0x0
[2022-02-25 17:47:22.468] [3624:16932] INFO WmMedia::InitSds: SDSpace found and initialized on disk '\\.\PhysicalDrive0' id 0 pMedia 000001CD50917B50
[2022-02-25 17:47:22.470] [3624:16932] INFO WMTCGTST_8.6.0.188.exe finished

[2022-02-25 17:47:57.272] [17880:15220] INFO WinMagic (R) SED Partner Test Tool. Version 8.6.000.188 
[2022-02-25 17:47:57.272] [17880:15220] INFO Normal build!

[2022-02-25 17:47:57.272] [17880:15220] INFO WMTCGTST_8.6.0.188.exe Build Date: Apr 24 2020  Time: 17:00:24
[2022-02-25 17:47:57.272] [17880:15220] INFO cmdLine: WMTCGTST_8.6.0.188.exe  -i 
[2022-02-25 17:47:57.272] [17880:15220] INFO WMTCGTST_8.6.0.188.exe started!
[2022-02-25 17:47:57.272] [17880:15220] INFO TTOKI initialization succeeds.
[2022-02-25 17:47:57.272] [17880:15220]  DBG WmMedia::WmMedia: dev \\.\PhysicalDrive0 diskId 0 useOpalDs 0 failForUsb 0
[2022-02-25 17:47:57.272] [17880:15220]  DBG WmMedia::Preinitialize...
[2022-02-25 17:47:57.272] [17880:15220] INFO WmMediaImpl::Init:use: \\.\PhysicalDrive0...
[2022-02-25 17:47:57.277] [17880:15220] INFO WmMediaImpl::OpenDriver(SDDisk2k) success.
[2022-02-25 17:47:58.037] [17880:15220]  DBG WmMediaImpl::RefreshKernelStatus(trigger disk renumeration by IOCTL_DISK_UPDATE_PROPERTIES) ...
[2022-02-25 17:47:58.045] [17880:15220] INFO WmMediaImpl::OpenDriver: success
[2022-02-25 17:47:58.045] [17880:15220] INFO WmMediaImpl::SetGeometry...
[2022-02-25 17:47:58.050] [17880:15220]  DBG BytesPerSector   :      512
[2022-02-25 17:47:58.050] [17880:15220]  DBG SectorsPerTrack  :       63
[2022-02-25 17:47:58.050] [17880:15220]  DBG TracksPerCylinder:      255
[2022-02-25 17:47:58.050] [17880:15220]  DBG Cylinders        :    30401
[2022-02-25 17:47:58.050] [17880:15220]  DBG Disk size        : 488392065 sectors
[2022-02-25 17:47:58.050] [17880:15220] INFO WmMediaImpl::GetDriveInterfaceType...
[2022-02-25 17:47:58.055] [17880:15220] INFO WmMediaImpl::GetDriveInterfaceType: 11
[2022-02-25 17:47:58.055] [17880:15220]  DBG WmMediaImpl::GetDriveBusType:use SATA interface
[2022-02-25 17:47:58.055] [17880:15220]  DBG WmMedia::Preinitialize:use real disk
[2022-02-25 17:47:58.056] [17880:15220]  DBG WinMagic::WmMedia::IdentifyDevice...
[2022-02-25 17:47:58.061] [17880:15220]  DBG WinMagic::WmMedia::IdentifyDevice... (status: 0x0)
[2022-02-25 17:47:58.061] [17880:15220]  DBG WinMagic::WmMedia::IdentifyDevice: Drive Model [SATA SSD                                ]
[2022-02-25 17:47:58.061] [17880:15220]  DBG WinMagic::WmMedia::IdentifyDevice: Drive Firmware [SAFM13.2]
[2022-02-25 17:47:58.061] [17880:15220]  DBG WinMagic::WmMedia::IdentifyDevice: Drive SN [AD3807071F0900026111]
[2022-02-25 17:47:58.061] [17880:15220]  DBG WmMedia::Initialize: id 0 pMedia 000002790D7B8ED0 ...
[2022-02-25 17:47:58.061] [17880:15220] INFO TCG bit: 0
[2022-02-25 17:47:58.061] [17880:15220] INFO WmMediaImpl::SetGeometry...
[2022-02-25 17:47:58.066] [17880:15220]  DBG BytesPerSector   :      512
[2022-02-25 17:47:58.066] [17880:15220]  DBG SectorsPerTrack  :       63
[2022-02-25 17:47:58.066] [17880:15220]  DBG TracksPerCylinder:      255
[2022-02-25 17:47:58.066] [17880:15220]  DBG Cylinders        :    30401
[2022-02-25 17:47:58.066] [17880:15220]  DBG Disk size        : 488392065 sectors
[2022-02-25 17:47:58.066] [17880:15220]  DBG WmMedia::ReadPartititons: \\.\PhysicalDrive0...
[2022-02-25 17:47:58.071] [17880:15220]  DBG WmMediaImpl::GetPartitionInfo...
[2022-02-25 17:47:58.071] [17880:15220] INFO GetPartitionInfo::GetLogicalDrives returns 0xc ...
[2022-02-25 17:47:58.071] [17880:15220] INFO GetPartitionInfo::DeviceIoctl:DeviceIoctl starts ...
[2022-02-25 17:47:58.075] [17880:15220] INFO GetPartitionInfo::DeviceIoctl:DeviceIoctl returns status 0x0 ...
[2022-02-25 17:47:58.075] [17880:15220]  DBG WmMediaImpl::GetPartitionInfo:NumberOfDiskExtents:        1
[2022-02-25 17:47:58.075] [17880:15220]  DBG WmMediaImpl::GetPartitionInfo:Disk  :        0
[2022-02-25 17:47:58.076] [17880:15220]  DBG WmMediaImpl::GetPartitionInfo:Offset: 122683392
[2022-02-25 17:47:58.076] [17880:15220]  DBG WmMediaImpl::GetPartitionInfo:Length: 249344948224
[2022-02-25 17:47:58.076] [17880:15220] INFO GetPartitionInfo::DeviceIoctl:DeviceIoctl starts ...
[2022-02-25 17:47:58.084] [17880:15220] INFO GetPartitionInfo::DeviceIoctl:DeviceIoctl returns status 0x0 ...
[2022-02-25 17:47:58.084] [17880:15220]  DBG WmMediaImpl::GetPartitionInfo:NumberOfDiskExtents:        1
[2022-02-25 17:47:58.084] [17880:15220]  DBG WmMediaImpl::GetPartitionInfo:Disk  :        2
[2022-02-25 17:47:58.084] [17880:15220]  DBG WmMediaImpl::GetPartitionInfo:Offset:        0
[2022-02-25 17:47:58.084] [17880:15220]  DBG WmMediaImpl::GetPartitionInfo:Length:        0
[2022-02-25 17:47:58.085] [17880:15220] INFO GetPartitionInfo::ReadSectorOs(ABS LBA @     2048) starts ...
[2022-02-25 17:47:58.086] [17880:15220] INFO GetPartitionInfo::ReadSectorOs(ABS LBA @     2048) returns status 0x0...
[2022-02-25 17:47:58.086] [17880:15220]  DBG WmMediaImpl::GetPartitionInfo...
[2022-02-25 17:47:58.086] [17880:15220] INFO GetPartitionInfo::GetLogicalDrives returns 0xc ...
[2022-02-25 17:47:58.086] [17880:15220] INFO GetPartitionInfo::DeviceIoctl:DeviceIoctl starts ...
[2022-02-25 17:47:58.091] [17880:15220] INFO GetPartitionInfo::DeviceIoctl:DeviceIoctl returns status 0x0 ...
[2022-02-25 17:47:58.091] [17880:15220]  DBG WmMediaImpl::GetPartitionInfo:NumberOfDiskExtents:        1
[2022-02-25 17:47:58.091] [17880:15220]  DBG WmMediaImpl::GetPartitionInfo:Disk  :        0
[2022-02-25 17:47:58.091] [17880:15220]  DBG WmMediaImpl::GetPartitionInfo:Offset: 122683392
[2022-02-25 17:47:58.091] [17880:15220]  DBG WmMediaImpl::GetPartitionInfo:Length: 249344948224
[2022-02-25 17:47:58.091] [17880:15220] INFO GetPartitionInfo::DeviceIoctl:DeviceIoctl starts ...
[2022-02-25 17:47:58.103] [17880:15220] INFO GetPartitionInfo::DeviceIoctl:DeviceIoctl returns status 0x0 ...
[2022-02-25 17:47:58.103] [17880:15220]  DBG WmMediaImpl::GetPartitionInfo:NumberOfDiskExtents:        1
[2022-02-25 17:47:58.103] [17880:15220]  DBG WmMediaImpl::GetPartitionInfo:Disk  :        2
[2022-02-25 17:47:58.103] [17880:15220]  DBG WmMediaImpl::GetPartitionInfo:Offset:        0
[2022-02-25 17:47:58.103] [17880:15220]  DBG WmMediaImpl::GetPartitionInfo:Length:        0
[2022-02-25 17:47:58.103] [17880:15220] INFO GetPartitionInfo::ReadSectorOs(ABS LBA @   206848) starts ...
[2022-02-25 17:47:58.104] [17880:15220] INFO GetPartitionInfo::ReadSectorOs(ABS LBA @   206848) returns status 0x0...
[2022-02-25 17:47:58.104] [17880:15220]  DBG WmMediaImpl::GetPartitionInfo...
[2022-02-25 17:47:58.104] [17880:15220] INFO GetPartitionInfo::GetLogicalDrives returns 0xc ...
[2022-02-25 17:47:58.104] [17880:15220] INFO GetPartitionInfo::DeviceIoctl:DeviceIoctl starts ...
[2022-02-25 17:47:58.108] [17880:15220] INFO GetPartitionInfo::DeviceIoctl:DeviceIoctl returns status 0x0 ...
[2022-02-25 17:47:58.108] [17880:15220]  DBG WmMediaImpl::GetPartitionInfo:NumberOfDiskExtents:        1
[2022-02-25 17:47:58.108] [17880:15220]  DBG WmMediaImpl::GetPartitionInfo:Disk  :        0
[2022-02-25 17:47:58.108] [17880:15220]  DBG WmMediaImpl::GetPartitionInfo:Offset: 122683392
[2022-02-25 17:47:58.108] [17880:15220]  DBG WmMediaImpl::GetPartitionInfo:Length: 249344948224
[2022-02-25 17:47:58.108] [17880:15220] INFO GetPartitionInfo::ReadFile(drive //./C:) starts ...
[2022-02-25 17:47:58.109] [17880:15220] INFO GetPartitionInfo::ReadFile(drive //./C:) returns status 0x0...
[2022-02-25 17:47:58.109] [17880:15220]  DBG WmMediaImpl::GetPartitionInfo...
[2022-02-25 17:47:58.109] [17880:15220] INFO GetPartitionInfo::GetLogicalDrives returns 0xc ...
[2022-02-25 17:47:58.109] [17880:15220] INFO GetPartitionInfo::DeviceIoctl:DeviceIoctl starts ...
[2022-02-25 17:47:58.114] [17880:15220] INFO GetPartitionInfo::DeviceIoctl:DeviceIoctl returns status 0x0 ...
[2022-02-25 17:47:58.114] [17880:15220]  DBG WmMediaImpl::GetPartitionInfo:NumberOfDiskExtents:        1
[2022-02-25 17:47:58.114] [17880:15220]  DBG WmMediaImpl::GetPartitionInfo:Disk  :        0
[2022-02-25 17:47:58.114] [17880:15220]  DBG WmMediaImpl::GetPartitionInfo:Offset: 122683392
[2022-02-25 17:47:58.114] [17880:15220]  DBG WmMediaImpl::GetPartitionInfo:Length: 249344948224
[2022-02-25 17:47:58.114] [17880:15220] INFO GetPartitionInfo::DeviceIoctl:DeviceIoctl starts ...
[2022-02-25 17:47:58.121] [17880:15220] INFO GetPartitionInfo::DeviceIoctl:DeviceIoctl returns status 0x0 ...
[2022-02-25 17:47:58.122] [17880:15220]  DBG WmMediaImpl::GetPartitionInfo:NumberOfDiskExtents:        1
[2022-02-25 17:47:58.122] [17880:15220]  DBG WmMediaImpl::GetPartitionInfo:Disk  :        2
[2022-02-25 17:47:58.122] [17880:15220]  DBG WmMediaImpl::GetPartitionInfo:Offset:        0
[2022-02-25 17:47:58.122] [17880:15220]  DBG WmMediaImpl::GetPartitionInfo:Length:        0
[2022-02-25 17:47:58.122] [17880:15220] INFO GetPartitionInfo::ReadSectorOs(ABS LBA @ 487241728) starts ...
[2022-02-25 17:47:58.123] [17880:15220] INFO GetPartitionInfo::ReadSectorOs(ABS LBA @ 487241728) returns status 0x0...
[2022-02-25 17:47:58.123] [17880:15220]  DBG WmMedia::Initialize:mHfdeType - 0
[2022-02-25 17:47:58.123] [17880:15220]  DBG WmMedia::Initialize:software encryption only
[2022-02-25 17:47:58.123] [17880:15220]  DBG main: found media: 0
[2022-02-25 17:47:58.123] [17880:15220]  DBG WmMedia::InitSds (mpHfde 0000000000000000) ...
[2022-02-25 17:47:58.123] [17880:15220]  DBG new WmSds: pHfde 0000000000000000 mHfdeType 0 mUseOpalDs 0 TCGe 0 ...
[2022-02-25 17:47:58.123] [17880:15220]  DBG WmSds::Init (mpHfde 0000000000000000) ...
[2022-02-25 17:47:58.123] [17880:15220]  DBG WinMagic::WmSds::ReinitMediaCache:4855: (Re)initializing Media cache...
[2022-02-25 17:47:58.123] [17880:15220]  DBG WinMagic::WmSds::ReinitMediaCache:4873: syncRead() status 0x0
[2022-02-25 17:47:58.123] [17880:15220]  DBG WmSds::FindSds (on \\.\PhysicalDrive0)...
[2022-02-25 17:47:58.123] [17880:15220]  DBG WmSds::FindSds:WmSdSignatureRead: 0x44534D57
[2022-02-25 17:47:58.123] [17880:15220]  DBG WmSds::FindSds:WmSdSignatureOrig: 0x44534D57
[2022-02-25 17:47:58.123] [17880:15220]  DBG WmSds::FindSds:MBR: SDS starts 0x22880
[2022-02-25 17:47:58.124] [17880:15220]  DBG WmSds::FindSds:SDS starts 0x22880
[2022-02-25 17:47:58.125] [17880:15220]  DBG WmSds:Init(2) mpHfde 0000000000000000
[2022-02-25 17:47:58.125] [17880:15220]  DBG WmSds::Init mpDir 000002790D7E60E0 status 0x0
[2022-02-25 17:47:58.125] [17880:15220] INFO WmMedia::InitSds: SDSpace found and initialized on disk '\\.\PhysicalDrive0' id 0 pMedia 000002790D7B8ED0
[2022-02-25 17:47:58.126] [17880:15220] INFO WMTCGTST_8.6.0.188.exe finished

[2022-02-25 18:09:55.090] [20084:7304] INFO WinMagic (R) SED Partner Test Tool. Version 8.6.000.188 
[2022-02-25 18:09:55.090] [20084:7304] INFO Normal build!

[2022-02-25 18:09:55.090] [20084:7304] INFO WMTCGTST_8.6.0.188.exe Build Date: Apr 24 2020  Time: 17:00:24
[2022-02-25 18:09:55.090] [20084:7304] INFO cmdLine: WMTCGTST_8.6.0.188.exe  -i 
[2022-02-25 18:09:55.090] [20084:7304] INFO WMTCGTST_8.6.0.188.exe started!
[2022-02-25 18:09:55.090] [20084:7304] INFO TTOKI initialization succeeds.
[2022-02-25 18:09:55.090] [20084:7304]  DBG WmMedia::WmMedia: dev \\.\PhysicalDrive0 diskId 0 useOpalDs 0 failForUsb 0
[2022-02-25 18:09:55.090] [20084:7304]  DBG WmMedia::Preinitialize...
[2022-02-25 18:09:55.090] [20084:7304] INFO WmMediaImpl::Init:use: \\.\PhysicalDrive0...
[2022-02-25 18:09:55.095] [20084:7304] INFO WmMediaImpl::OpenDriver(SDDisk2k) success.
[2022-02-25 18:09:55.866] [20084:7304]  DBG WmMediaImpl::RefreshKernelStatus(trigger disk renumeration by IOCTL_DISK_UPDATE_PROPERTIES) ...
[2022-02-25 18:09:55.872] [20084:7304] INFO WmMediaImpl::OpenDriver: success
[2022-02-25 18:09:55.873] [20084:7304] INFO WmMediaImpl::SetGeometry...
[2022-02-25 18:09:55.877] [20084:7304]  DBG BytesPerSector   :      512
[2022-02-25 18:09:55.877] [20084:7304]  DBG SectorsPerTrack  :       63
[2022-02-25 18:09:55.877] [20084:7304]  DBG TracksPerCylinder:      255
[2022-02-25 18:09:55.877] [20084:7304]  DBG Cylinders        :    30401
[2022-02-25 18:09:55.877] [20084:7304]  DBG Disk size        : 488392065 sectors
[2022-02-25 18:09:55.877] [20084:7304] INFO WmMediaImpl::GetDriveInterfaceType...
[2022-02-25 18:09:55.882] [20084:7304] INFO WmMediaImpl::GetDriveInterfaceType: 11
[2022-02-25 18:09:55.882] [20084:7304]  DBG WmMediaImpl::GetDriveBusType:use SATA interface
[2022-02-25 18:09:55.883] [20084:7304]  DBG WmMedia::Preinitialize:use real disk
[2022-02-25 18:09:55.883] [20084:7304]  DBG WinMagic::WmMedia::IdentifyDevice...
[2022-02-25 18:09:55.888] [20084:7304]  DBG WinMagic::WmMedia::IdentifyDevice... (status: 0x0)
[2022-02-25 18:09:55.888] [20084:7304]  DBG WinMagic::WmMedia::IdentifyDevice: Drive Model [SATA SSD                                ]
[2022-02-25 18:09:55.888] [20084:7304]  DBG WinMagic::WmMedia::IdentifyDevice: Drive Firmware [SAFM13.2]
[2022-02-25 18:09:55.888] [20084:7304]  DBG WinMagic::WmMedia::IdentifyDevice: Drive SN [AD3807071F0900026111]
[2022-02-25 18:09:55.888] [20084:7304]  DBG WmMedia::Initialize: id 0 pMedia 0000027371A19A00 ...
[2022-02-25 18:09:55.888] [20084:7304] INFO TCG bit: 0
[2022-02-25 18:09:55.888] [20084:7304] INFO WmMediaImpl::SetGeometry...
[2022-02-25 18:09:55.893] [20084:7304]  DBG BytesPerSector   :      512
[2022-02-25 18:09:55.893] [20084:7304]  DBG SectorsPerTrack  :       63
[2022-02-25 18:09:55.893] [20084:7304]  DBG TracksPerCylinder:      255
[2022-02-25 18:09:55.893] [20084:7304]  DBG Cylinders        :    30401
[2022-02-25 18:09:55.893] [20084:7304]  DBG Disk size        : 488392065 sectors
[2022-02-25 18:09:55.893] [20084:7304]  DBG WmMedia::ReadPartititons: \\.\PhysicalDrive0...
[2022-02-25 18:09:55.896] [20084:7304]  DBG WmMediaImpl::GetPartitionInfo...
[2022-02-25 18:09:55.896] [20084:7304] INFO GetPartitionInfo::GetLogicalDrives returns 0x8c ...
[2022-02-25 18:09:55.896] [20084:7304] INFO GetPartitionInfo::DeviceIoctl:DeviceIoctl starts ...
[2022-02-25 18:09:55.901] [20084:7304] INFO GetPartitionInfo::DeviceIoctl:DeviceIoctl returns status 0x0 ...
[2022-02-25 18:09:55.901] [20084:7304]  DBG WmMediaImpl::GetPartitionInfo:NumberOfDiskExtents:        1
[2022-02-25 18:09:55.901] [20084:7304]  DBG WmMediaImpl::GetPartitionInfo:Disk  :        0
[2022-02-25 18:09:55.901] [20084:7304]  DBG WmMediaImpl::GetPartitionInfo:Offset: 122683392
[2022-02-25 18:09:55.901] [20084:7304]  DBG WmMediaImpl::GetPartitionInfo:Length: 249344948224
[2022-02-25 18:09:55.901] [20084:7304] INFO GetPartitionInfo::DeviceIoctl:DeviceIoctl starts ...
[2022-02-25 18:09:55.909] [20084:7304] INFO GetPartitionInfo::DeviceIoctl:DeviceIoctl returns status 0x0 ...
[2022-02-25 18:09:55.909] [20084:7304]  DBG WmMediaImpl::GetPartitionInfo:NumberOfDiskExtents:        1
[2022-02-25 18:09:55.909] [20084:7304]  DBG WmMediaImpl::GetPartitionInfo:Disk  :        2
[2022-02-25 18:09:55.909] [20084:7304]  DBG WmMediaImpl::GetPartitionInfo:Offset:        0
[2022-02-25 18:09:55.909] [20084:7304]  DBG WmMediaImpl::GetPartitionInfo:Length:        0
[2022-02-25 18:09:55.909] [20084:7304] INFO GetPartitionInfo::DeviceIoctl:DeviceIoctl starts ...
[2022-02-25 18:09:55.913] [20084:7304] INFO GetPartitionInfo::DeviceIoctl:DeviceIoctl returns status 0x0 ...
[2022-02-25 18:09:55.913] [20084:7304]  DBG WmMediaImpl::GetPartitionInfo:NumberOfDiskExtents:        1
[2022-02-25 18:09:55.913] [20084:7304]  DBG WmMediaImpl::GetPartitionInfo:Disk  :        3
[2022-02-25 18:09:55.913] [20084:7304]  DBG WmMediaImpl::GetPartitionInfo:Offset:  1048576
[2022-02-25 18:09:55.913] [20084:7304]  DBG WmMediaImpl::GetPartitionInfo:Length: 7750025216
[2022-02-25 18:09:55.913] [20084:7304] INFO GetPartitionInfo::ReadSectorOs(ABS LBA @     2048) starts ...
[2022-02-25 18:09:55.916] [20084:7304] INFO GetPartitionInfo::ReadSectorOs(ABS LBA @     2048) returns status 0x0...
[2022-02-25 18:09:55.916] [20084:7304]  DBG WmMediaImpl::GetPartitionInfo...
[2022-02-25 18:09:55.916] [20084:7304] INFO GetPartitionInfo::GetLogicalDrives returns 0x8c ...
[2022-02-25 18:09:55.916] [20084:7304] INFO GetPartitionInfo::DeviceIoctl:DeviceIoctl starts ...
[2022-02-25 18:09:55.921] [20084:7304] INFO GetPartitionInfo::DeviceIoctl:DeviceIoctl returns status 0x0 ...
[2022-02-25 18:09:55.921] [20084:7304]  DBG WmMediaImpl::GetPartitionInfo:NumberOfDiskExtents:        1
[2022-02-25 18:09:55.921] [20084:7304]  DBG WmMediaImpl::GetPartitionInfo:Disk  :        0
[2022-02-25 18:09:55.921] [20084:7304]  DBG WmMediaImpl::GetPartitionInfo:Offset: 122683392
[2022-02-25 18:09:55.921] [20084:7304]  DBG WmMediaImpl::GetPartitionInfo:Length: 249344948224
[2022-02-25 18:09:55.921] [20084:7304] INFO GetPartitionInfo::DeviceIoctl:DeviceIoctl starts ...
[2022-02-25 18:09:55.928] [20084:7304] INFO GetPartitionInfo::DeviceIoctl:DeviceIoctl returns status 0x0 ...
[2022-02-25 18:09:55.929] [20084:7304]  DBG WmMediaImpl::GetPartitionInfo:NumberOfDiskExtents:        1
[2022-02-25 18:09:55.929] [20084:7304]  DBG WmMediaImpl::GetPartitionInfo:Disk  :        2
[2022-02-25 18:09:55.929] [20084:7304]  DBG WmMediaImpl::GetPartitionInfo:Offset:        0
[2022-02-25 18:09:55.929] [20084:7304]  DBG WmMediaImpl::GetPartitionInfo:Length:        0
[2022-02-25 18:09:55.929] [20084:7304] INFO GetPartitionInfo::DeviceIoctl:DeviceIoctl starts ...
[2022-02-25 18:09:55.933] [20084:7304] INFO GetPartitionInfo::DeviceIoctl:DeviceIoctl returns status 0x0 ...
[2022-02-25 18:09:55.933] [20084:7304]  DBG WmMediaImpl::GetPartitionInfo:NumberOfDiskExtents:        1
[2022-02-25 18:09:55.933] [20084:7304]  DBG WmMediaImpl::GetPartitionInfo:Disk  :        3
[2022-02-25 18:09:55.933] [20084:7304]  DBG WmMediaImpl::GetPartitionInfo:Offset:  1048576
[2022-02-25 18:09:55.933] [20084:7304]  DBG WmMediaImpl::GetPartitionInfo:Length: 7750025216
[2022-02-25 18:09:55.933] [20084:7304] INFO GetPartitionInfo::ReadSectorOs(ABS LBA @   206848) starts ...
[2022-02-25 18:09:55.936] [20084:7304] INFO GetPartitionInfo::ReadSectorOs(ABS LBA @   206848) returns status 0x0...
[2022-02-25 18:09:55.936] [20084:7304]  DBG WmMediaImpl::GetPartitionInfo...
[2022-02-25 18:09:55.936] [20084:7304] INFO GetPartitionInfo::GetLogicalDrives returns 0x8c ...
[2022-02-25 18:09:55.936] [20084:7304] INFO GetPartitionInfo::DeviceIoctl:DeviceIoctl starts ...
[2022-02-25 18:09:55.941] [20084:7304] INFO GetPartitionInfo::DeviceIoctl:DeviceIoctl returns status 0x0 ...
[2022-02-25 18:09:55.941] [20084:7304]  DBG WmMediaImpl::GetPartitionInfo:NumberOfDiskExtents:        1
[2022-02-25 18:09:55.941] [20084:7304]  DBG WmMediaImpl::GetPartitionInfo:Disk  :        0
[2022-02-25 18:09:55.941] [20084:7304]  DBG WmMediaImpl::GetPartitionInfo:Offset: 122683392
[2022-02-25 18:09:55.941] [20084:7304]  DBG WmMediaImpl::GetPartitionInfo:Length: 249344948224
[2022-02-25 18:09:55.941] [20084:7304] INFO GetPartitionInfo::ReadFile(drive //./C:) starts ...
[2022-02-25 18:09:55.941] [20084:7304] INFO GetPartitionInfo::ReadFile(drive //./C:) returns status 0x0...
[2022-02-25 18:09:55.942] [20084:7304]  DBG WmMediaImpl::GetPartitionInfo...
[2022-02-25 18:09:55.942] [20084:7304] INFO GetPartitionInfo::GetLogicalDrives returns 0x8c ...
[2022-02-25 18:09:55.942] [20084:7304] INFO GetPartitionInfo::DeviceIoctl:DeviceIoctl starts ...
[2022-02-25 18:09:55.946] [20084:7304] INFO GetPartitionInfo::DeviceIoctl:DeviceIoctl returns status 0x0 ...
[2022-02-25 18:09:55.946] [20084:7304]  DBG WmMediaImpl::GetPartitionInfo:NumberOfDiskExtents:        1
[2022-02-25 18:09:55.946] [20084:7304]  DBG WmMediaImpl::GetPartitionInfo:Disk  :        0
[2022-02-25 18:09:55.946] [20084:7304]  DBG WmMediaImpl::GetPartitionInfo:Offset: 122683392
[2022-02-25 18:09:55.946] [20084:7304]  DBG WmMediaImpl::GetPartitionInfo:Length: 249344948224
[2022-02-25 18:09:55.946] [20084:7304] INFO GetPartitionInfo::DeviceIoctl:DeviceIoctl starts ...
[2022-02-25 18:09:55.954] [20084:7304] INFO GetPartitionInfo::DeviceIoctl:DeviceIoctl returns status 0x0 ...
[2022-02-25 18:09:55.954] [20084:7304]  DBG WmMediaImpl::GetPartitionInfo:NumberOfDiskExtents:        1
[2022-02-25 18:09:55.954] [20084:7304]  DBG WmMediaImpl::GetPartitionInfo:Disk  :        2
[2022-02-25 18:09:55.954] [20084:7304]  DBG WmMediaImpl::GetPartitionInfo:Offset:        0
[2022-02-25 18:09:55.954] [20084:7304]  DBG WmMediaImpl::GetPartitionInfo:Length:        0
[2022-02-25 18:09:55.954] [20084:7304] INFO GetPartitionInfo::DeviceIoctl:DeviceIoctl starts ...
[2022-02-25 18:09:55.959] [20084:7304] INFO GetPartitionInfo::DeviceIoctl:DeviceIoctl returns status 0x0 ...
[2022-02-25 18:09:55.959] [20084:7304]  DBG WmMediaImpl::GetPartitionInfo:NumberOfDiskExtents:        1
[2022-02-25 18:09:55.959] [20084:7304]  DBG WmMediaImpl::GetPartitionInfo:Disk  :        3
[2022-02-25 18:09:55.959] [20084:7304]  DBG WmMediaImpl::GetPartitionInfo:Offset:  1048576
[2022-02-25 18:09:55.959] [20084:7304]  DBG WmMediaImpl::GetPartitionInfo:Length: 7750025216
[2022-02-25 18:09:55.959] [20084:7304] INFO GetPartitionInfo::ReadSectorOs(ABS LBA @ 487241728) starts ...
[2022-02-25 18:09:55.961] [20084:7304] INFO GetPartitionInfo::ReadSectorOs(ABS LBA @ 487241728) returns status 0x0...
[2022-02-25 18:09:55.961] [20084:7304]  DBG WmMedia::Initialize:mHfdeType - 0
[2022-02-25 18:09:55.961] [20084:7304]  DBG WmMedia::Initialize:software encryption only
[2022-02-25 18:09:55.961] [20084:7304]  DBG main: found media: 0
[2022-02-25 18:09:55.961] [20084:7304]  DBG WmMedia::InitSds (mpHfde 0000000000000000) ...
[2022-02-25 18:09:55.961] [20084:7304]  DBG new WmSds: pHfde 0000000000000000 mHfdeType 0 mUseOpalDs 0 TCGe 0 ...
[2022-02-25 18:09:55.961] [20084:7304]  DBG WmSds::Init (mpHfde 0000000000000000) ...
[2022-02-25 18:09:55.961] [20084:7304]  DBG WinMagic::WmSds::ReinitMediaCache:4855: (Re)initializing Media cache...
[2022-02-25 18:09:55.962] [20084:7304]  DBG WinMagic::WmSds::ReinitMediaCache:4873: syncRead() status 0x0
[2022-02-25 18:09:55.962] [20084:7304]  DBG WmSds::FindSds (on \\.\PhysicalDrive0)...
[2022-02-25 18:09:55.962] [20084:7304]  DBG WmSds::FindSds:WmSdSignatureRead: 0x44534D57
[2022-02-25 18:09:55.962] [20084:7304]  DBG WmSds::FindSds:WmSdSignatureOrig: 0x44534D57
[2022-02-25 18:09:55.962] [20084:7304]  DBG WmSds::FindSds:MBR: SDS starts 0x22880
[2022-02-25 18:09:55.962] [20084:7304]  DBG WmSds::FindSds:SDS starts 0x22880
[2022-02-25 18:09:55.963] [20084:7304]  DBG WmSds:Init(2) mpHfde 0000000000000000
[2022-02-25 18:09:55.963] [20084:7304]  DBG WmSds::Init mpDir 0000027371A48F10 status 0x0
[2022-02-25 18:09:55.963] [20084:7304] INFO WmMedia::InitSds: SDSpace found and initialized on disk '\\.\PhysicalDrive0' id 0 pMedia 0000027371A19A00
[2022-02-25 18:09:55.963] [20084:7304] INFO WMTCGTST_8.6.0.188.exe finished

